1593944332668	mozrunner::runner	INFO	Running command: "C:\\Program Files (x86)\\Mozilla Firefox\\firefox.exe" "-marionette" "-foreground" "-no-remote" "-profile" "C:\\Users\\admin\\AppData\\Local\\Temp\\rust_mozprofileTHXZ9M"
JavaScript error: resource://gre/modules/XULStore.jsm, line 66: Error: Can't find profile directory.
1593944337755	Marionette	INFO	Listening on port 59889
1593944338103	Marionette	WARN	TLS certificate errors will be ignored for this session
JavaScript warning: https://mc.yandex.ru/metrika/watch.js, line 56: WebGL warning: <Create>: getContext: Disallowing antialiased backbuffers due to blacklisting. (FEATURE_FAILURE_UNKNOWN_DEVICE_VENDOR)
1593944355142	Marionette	INFO	Stopped listening on port 59889
1593947025376	mozrunner::runner	INFO	Running command: "C:\\Program Files (x86)\\Mozilla Firefox\\firefox.exe" "-marionette" "-foreground" "-no-remote" "-profile" "C:\\Users\\admin\\AppData\\Local\\Temp\\rust_mozprofileLNy5Kp"
JavaScript error: resource://gre/modules/XULStore.jsm, line 66: Error: Can't find profile directory.
1593947032382	Marionette	INFO	Listening on port 63453
1593947032662	Marionette	WARN	TLS certificate errors will be ignored for this session
JavaScript warning: https://mc.yandex.ru/metrika/watch.js, line 56: WebGL warning: <Create>: getContext: Disallowing antialiased backbuffers due to blacklisting. (FEATURE_FAILURE_UNKNOWN_DEVICE_VENDOR)
1593947048865	Marionette	INFO	Stopped listening on port 63453
1593947053221	mozrunner::runner	INFO	Running command: "C:\\Program Files (x86)\\Mozilla Firefox\\firefox.exe" "-marionette" "-foreground" "-no-remote" "-profile" "C:\\Users\\admin\\AppData\\Local\\Temp\\rust_mozprofilec0fzuE"
JavaScript error: resource://gre/modules/XULStore.jsm, line 66: Error: Can't find profile directory.
1593947058607	Marionette	INFO	Listening on port 63511
1593947058721	Marionette	WARN	TLS certificate errors will be ignored for this session
JavaScript warning: https://mc.yandex.ru/metrika/watch.js, line 56: WebGL warning: <Create>: getContext: Disallowing antialiased backbuffers due to blacklisting. (FEATURE_FAILURE_UNKNOWN_DEVICE_VENDOR)
1593947075281	Marionette	INFO	Stopped listening on port 63511
1593947080064	mozrunner::runner	INFO	Running command: "C:\\Program Files (x86)\\Mozilla Firefox\\firefox.exe" "-marionette" "-foreground" "-no-remote" "-profile" "C:\\Users\\admin\\AppData\\Local\\Temp\\rust_mozprofileqMiFgJ"
JavaScript error: resource://gre/modules/XULStore.jsm, line 66: Error: Can't find profile directory.
1593947084628	Marionette	INFO	Listening on port 63565
1593947085162	Marionette	WARN	TLS certificate errors will be ignored for this session
JavaScript warning: https://mc.yandex.ru/metrika/watch.js, line 56: WebGL warning: <Create>: getContext: Disallowing antialiased backbuffers due to blacklisting. (FEATURE_FAILURE_UNKNOWN_DEVICE_VENDOR)
1593947101554	Marionette	INFO	Stopped listening on port 63565
1593947106139	mozrunner::runner	INFO	Running command: "C:\\Program Files (x86)\\Mozilla Firefox\\firefox.exe" "-marionette" "-foreground" "-no-remote" "-profile" "C:\\Users\\admin\\AppData\\Local\\Temp\\rust_mozprofilewaKsOO"
JavaScript error: resource://gre/modules/XULStore.jsm, line 66: Error: Can't find profile directory.
1593947110820	Marionette	INFO	Listening on port 63667
1593947111138	Marionette	WARN	TLS certificate errors will be ignored for this session
JavaScript warning: https://mc.yandex.ru/metrika/watch.js, line 56: WebGL warning: <Create>: getContext: Disallowing antialiased backbuffers due to blacklisting. (FEATURE_FAILURE_UNKNOWN_DEVICE_VENDOR)
1593947119231	Marionette	INFO	Stopped listening on port 63667
1593947123862	mozrunner::runner	INFO	Running command: "C:\\Program Files (x86)\\Mozilla Firefox\\firefox.exe" "-marionette" "-foreground" "-no-remote" "-profile" "C:\\Users\\admin\\AppData\\Local\\Temp\\rust_mozprofileX0ayy2"
JavaScript error: resource://gre/modules/XULStore.jsm, line 66: Error: Can't find profile directory.
1593947128339	Marionette	INFO	Listening on port 63721
1593947128783	Marionette	WARN	TLS certificate errors will be ignored for this session
JavaScript warning: https://mc.yandex.ru/metrika/watch.js, line 56: WebGL warning: <Create>: getContext: Disallowing antialiased backbuffers due to blacklisting. (FEATURE_FAILURE_UNKNOWN_DEVICE_VENDOR)
1593947136502	Marionette	INFO	Stopped listening on port 63721

###!!! [Child][MessageChannel] Error: (msgtype=0x5A000D,name=PHttpChannel::Msg_DeletingChannel) Channel closing: too late to send/recv, messages will be lost


###!!! [Child][MessageChannel] Error: (msgtype=0x5A000D,name=PHttpChannel::Msg_DeletingChannel) Channel closing: too late to send/recv, messages will be lost


###!!! [Child][MessageChannel] Error: (msgtype=0x5A000D,name=PHttpChannel::Msg_DeletingChannel) Channel closing: too late to send/recv, messages will be lost

1593947141345	mozrunner::runner	INFO	Running command: "C:\\Program Files (x86)\\Mozilla Firefox\\firefox.exe" "-marionette" "-foreground" "-no-remote" "-profile" "C:\\Users\\admin\\AppData\\Local\\Temp\\rust_mozprofile1SI9IF"
JavaScript error: resource://gre/modules/XULStore.jsm, line 66: Error: Can't find profile directory.
1593947146359	Marionette	INFO	Listening on port 63778
1593947146491	Marionette	WARN	TLS certificate errors will be ignored for this session
JavaScript warning: https://mc.yandex.ru/metrika/watch.js, line 56: WebGL warning: <Create>: getContext: Disallowing antialiased backbuffers due to blacklisting. (FEATURE_FAILURE_UNKNOWN_DEVICE_VENDOR)
1593947154398	Marionette	INFO	Stopped listening on port 63778
1593947159501	mozrunner::runner	INFO	Running command: "C:\\Program Files (x86)\\Mozilla Firefox\\firefox.exe" "-marionette" "-foreground" "-no-remote" "-profile" "C:\\Users\\admin\\AppData\\Local\\Temp\\rust_mozprofilevyAQwX"
JavaScript error: resource://gre/modules/XULStore.jsm, line 66: Error: Can't find profile directory.
1593947164620	Marionette	INFO	Listening on port 63827
1593947165102	Marionette	WARN	TLS certificate errors will be ignored for this session
JavaScript warning: https://mc.yandex.ru/metrika/watch.js, line 56: WebGL warning: <Create>: getContext: Disallowing antialiased backbuffers due to blacklisting. (FEATURE_FAILURE_UNKNOWN_DEVICE_VENDOR)
1593947172475	Marionette	INFO	Stopped listening on port 63827

###!!! [Child][MessageChannel] Error: (msgtype=0x5A000D,name=PHttpChannel::Msg_DeletingChannel) Channel closing: too late to send/recv, messages will be lost


###!!! [Child][MessageChannel] Error: (msgtype=0x5A000D,name=PHttpChannel::Msg_DeletingChannel) Channel closing: too late to send/recv, messages will be lost

1593950874154	mozrunner::runner	INFO	Running command: "C:\\Program Files (x86)\\Mozilla Firefox\\firefox.exe" "-marionette" "-foreground" "-no-remote" "-profile" "C:\\Users\\admin\\AppData\\Local\\Temp\\rust_mozprofileEQt0Ce"
JavaScript error: resource://gre/modules/XULStore.jsm, line 66: Error: Can't find profile directory.
1593950892849	Marionette	INFO	Listening on port 50507
1593950892927	Marionette	WARN	TLS certificate errors will be ignored for this session
JavaScript warning: https://mc.yandex.ru/metrika/watch.js, line 56: WebGL warning: <Create>: getContext: Disallowing antialiased backbuffers due to blacklisting. (FEATURE_FAILURE_UNKNOWN_DEVICE_VENDOR)
1593950910661	Marionette	INFO	Stopped listening on port 50507
1593950916579	mozrunner::runner	INFO	Running command: "C:\\Program Files (x86)\\Mozilla Firefox\\firefox.exe" "-marionette" "-foreground" "-no-remote" "-profile" "C:\\Users\\admin\\AppData\\Local\\Temp\\rust_mozprofileyLxdS5"
JavaScript error: resource://gre/modules/XULStore.jsm, line 66: Error: Can't find profile directory.
1593950923222	Marionette	INFO	Listening on port 50572
1593950923343	Marionette	WARN	TLS certificate errors will be ignored for this session
JavaScript warning: https://mc.yandex.ru/metrika/watch.js, line 56: WebGL warning: <Create>: getContext: Disallowing antialiased backbuffers due to blacklisting. (FEATURE_FAILURE_UNKNOWN_DEVICE_VENDOR)
1593950940496	Marionette	INFO	Stopped listening on port 50572
1593950945673	mozrunner::runner	INFO	Running command: "C:\\Program Files (x86)\\Mozilla Firefox\\firefox.exe" "-marionette" "-foreground" "-no-remote" "-profile" "C:\\Users\\admin\\AppData\\Local\\Temp\\rust_mozprofileauAxdj"
JavaScript error: resource://gre/modules/XULStore.jsm, line 66: Error: Can't find profile directory.
1593950951174	Marionette	INFO	Listening on port 50628
1593950951408	Marionette	WARN	TLS certificate errors will be ignored for this session
JavaScript warning: https://mc.yandex.ru/metrika/watch.js, line 56: WebGL warning: <Create>: getContext: Disallowing antialiased backbuffers due to blacklisting. (FEATURE_FAILURE_UNKNOWN_DEVICE_VENDOR)
1593950968321	Marionette	INFO	Stopped listening on port 50628

###!!! [Child][RunMessage] Error: Channel closing: too late to send/recv, messages will be lost

1593950973767	mozrunner::runner	INFO	Running command: "C:\\Program Files (x86)\\Mozilla Firefox\\firefox.exe" "-marionette" "-foreground" "-no-remote" "-profile" "C:\\Users\\admin\\AppData\\Local\\Temp\\rust_mozprofileIrGjpK"
JavaScript error: resource://gre/modules/XULStore.jsm, line 66: Error: Can't find profile directory.
1593950979317	Marionette	INFO	Listening on port 50682
1593950979803	Marionette	WARN	TLS certificate errors will be ignored for this session
JavaScript warning: https://mc.yandex.ru/metrika/watch.js, line 56: WebGL warning: <Create>: getContext: Disallowing antialiased backbuffers due to blacklisting. (FEATURE_FAILURE_UNKNOWN_DEVICE_VENDOR)
1593950987334	Marionette	INFO	Stopped listening on port 50682
1593950992470	mozrunner::runner	INFO	Running command: "C:\\Program Files (x86)\\Mozilla Firefox\\firefox.exe" "-marionette" "-foreground" "-no-remote" "-profile" "C:\\Users\\admin\\AppData\\Local\\Temp\\rust_mozprofile1Z7Rgi"
JavaScript error: resource://gre/modules/XULStore.jsm, line 66: Error: Can't find profile directory.
1593950998245	Marionette	INFO	Listening on port 50738
1593950998533	Marionette	WARN	TLS certificate errors will be ignored for this session
JavaScript warning: https://mc.yandex.ru/metrika/watch.js, line 56: WebGL warning: <Create>: getContext: Disallowing antialiased backbuffers due to blacklisting. (FEATURE_FAILURE_UNKNOWN_DEVICE_VENDOR)
1593951007057	Marionette	INFO	Stopped listening on port 50738

###!!! [Child][RunMessage] Error: Channel closing: too late to send/recv, messages will be lost


###!!! [Child][RunMessage] Error: Channel closing: too late to send/recv, messages will be lost

1593951012017	mozrunner::runner	INFO	Running command: "C:\\Program Files (x86)\\Mozilla Firefox\\firefox.exe" "-marionette" "-foreground" "-no-remote" "-profile" "C:\\Users\\admin\\AppData\\Local\\Temp\\rust_mozprofile7IGtOQ"
JavaScript error: resource://gre/modules/XULStore.jsm, line 66: Error: Can't find profile directory.
1593951018083	Marionette	INFO	Listening on port 50794
1593951018153	Marionette	WARN	TLS certificate errors will be ignored for this session
JavaScript warning: https://mc.yandex.ru/metrika/watch.js, line 56: WebGL warning: <Create>: getContext: Disallowing antialiased backbuffers due to blacklisting. (FEATURE_FAILURE_UNKNOWN_DEVICE_VENDOR)
1593951026811	Marionette	INFO	Stopped listening on port 50794
1593951031961	mozrunner::runner	INFO	Running command: "C:\\Program Files (x86)\\Mozilla Firefox\\firefox.exe" "-marionette" "-foreground" "-no-remote" "-profile" "C:\\Users\\admin\\AppData\\Local\\Temp\\rust_mozprofilegVK3iH"
JavaScript error: resource://gre/modules/XULStore.jsm, line 66: Error: Can't find profile directory.
1593951038533	Marionette	INFO	Listening on port 50891
1593951038629	Marionette	WARN	TLS certificate errors will be ignored for this session
JavaScript warning: https://mc.yandex.ru/metrika/watch.js, line 56: WebGL warning: <Create>: getContext: Disallowing antialiased backbuffers due to blacklisting. (FEATURE_FAILURE_UNKNOWN_DEVICE_VENDOR)
1593951046395	Marionette	INFO	Stopped listening on port 50891

###!!! [Child][RunMessage] Error: Channel closing: too late to send/recv, messages will be lost

1594091600877	mozrunner::runner	INFO	Running command: "C:\\Program Files (x86)\\Mozilla Firefox\\firefox.exe" "-marionette" "-foreground" "-no-remote" "-profile" "C:\\Users\\admin\\AppData\\Local\\Temp\\rust_mozprofileRLb9Nq"
JavaScript error: resource://gre/modules/XULStore.jsm, line 66: Error: Can't find profile directory.
1594091615371	Marionette	INFO	Listening on port 50594
1594091615797	Marionette	WARN	TLS certificate errors will be ignored for this session
JavaScript warning: https://mc.yandex.ru/metrika/watch.js, line 56: WebGL warning: <Create>: getContext: Disallowing antialiased backbuffers due to blacklisting. (FEATURE_FAILURE_UNKNOWN_DEVICE_VENDOR)
1594091631904	Marionette	INFO	Stopped listening on port 50594
[Parent 11892, Gecko_IOThread] WARNING: file /builds/worker/checkouts/gecko/ipc/chromium/src/base/process_util_win.cc, line 166
1594091636768	mozrunner::runner	INFO	Running command: "C:\\Program Files (x86)\\Mozilla Firefox\\firefox.exe" "-marionette" "-foreground" "-no-remote" "-profile" "C:\\Users\\admin\\AppData\\Local\\Temp\\rust_mozprofileUo9sU5"
JavaScript error: resource://gre/modules/XULStore.jsm, line 66: Error: Can't find profile directory.
1594091640921	Marionette	INFO	Listening on port 50694
1594091641054	Marionette	WARN	TLS certificate errors will be ignored for this session
JavaScript warning: https://mc.yandex.ru/metrika/watch.js, line 56: WebGL warning: <Create>: getContext: Disallowing antialiased backbuffers due to blacklisting. (FEATURE_FAILURE_UNKNOWN_DEVICE_VENDOR)
1594091657268	Marionette	INFO	Stopped listening on port 50694
1594091661796	mozrunner::runner	INFO	Running command: "C:\\Program Files (x86)\\Mozilla Firefox\\firefox.exe" "-marionette" "-foreground" "-no-remote" "-profile" "C:\\Users\\admin\\AppData\\Local\\Temp\\rust_mozprofileREBfGW"
JavaScript error: resource://gre/modules/XULStore.jsm, line 66: Error: Can't find profile directory.
1594091666635	Marionette	INFO	Listening on port 50746
1594091666695	Marionette	WARN	TLS certificate errors will be ignored for this session
JavaScript warning: https://mc.yandex.ru/metrika/watch.js, line 56: WebGL warning: <Create>: getContext: Disallowing antialiased backbuffers due to blacklisting. (FEATURE_FAILURE_UNKNOWN_DEVICE_VENDOR)
1594091682643	Marionette	INFO	Stopped listening on port 50746
1594091687204	mozrunner::runner	INFO	Running command: "C:\\Program Files (x86)\\Mozilla Firefox\\firefox.exe" "-marionette" "-foreground" "-no-remote" "-profile" "C:\\Users\\admin\\AppData\\Local\\Temp\\rust_mozprofileMt4k7D"
JavaScript error: resource://gre/modules/XULStore.jsm, line 66: Error: Can't find profile directory.
1594091691467	Marionette	INFO	Listening on port 50798
1594091691525	Marionette	WARN	TLS certificate errors will be ignored for this session
JavaScript warning: https://mc.yandex.ru/metrika/watch.js, line 56: WebGL warning: <Create>: getContext: Disallowing antialiased backbuffers due to blacklisting. (FEATURE_FAILURE_UNKNOWN_DEVICE_VENDOR)
1594091699320	Marionette	INFO	Stopped listening on port 50798
1594091704009	mozrunner::runner	INFO	Running command: "C:\\Program Files (x86)\\Mozilla Firefox\\firefox.exe" "-marionette" "-foreground" "-no-remote" "-profile" "C:\\Users\\admin\\AppData\\Local\\Temp\\rust_mozprofileTMdvrU"
JavaScript error: resource://gre/modules/XULStore.jsm, line 66: Error: Can't find profile directory.
1594091708777	Marionette	INFO	Listening on port 50854
1594091709081	Marionette	WARN	TLS certificate errors will be ignored for this session
JavaScript warning: https://mc.yandex.ru/metrika/watch.js, line 56: WebGL warning: <Create>: getContext: Disallowing antialiased backbuffers due to blacklisting. (FEATURE_FAILURE_UNKNOWN_DEVICE_VENDOR)
1594091715845	Marionette	INFO	Stopped listening on port 50854

###!!! [Child][MessageChannel] Error: (msgtype=0x5A000D,name=PHttpChannel::Msg_DeletingChannel) Channel closing: too late to send/recv, messages will be lost


###!!! [Child][MessageChannel] Error: (msgtype=0x5A000D,name=PHttpChannel::Msg_DeletingChannel) Channel closing: too late to send/recv, messages will be lost


###!!! [Child][RunMessage] Error: Channel closing: too late to send/recv, messages will be lost

1594091720511	mozrunner::runner	INFO	Running command: "C:\\Program Files (x86)\\Mozilla Firefox\\firefox.exe" "-marionette" "-foreground" "-no-remote" "-profile" "C:\\Users\\admin\\AppData\\Local\\Temp\\rust_mozprofilefeXVuj"
JavaScript error: resource://gre/modules/XULStore.jsm, line 66: Error: Can't find profile directory.
1594091724541	Marionette	INFO	Listening on port 50908
1594091724749	Marionette	WARN	TLS certificate errors will be ignored for this session
JavaScript warning: https://mc.yandex.ru/metrika/watch.js, line 56: WebGL warning: <Create>: getContext: Disallowing antialiased backbuffers due to blacklisting. (FEATURE_FAILURE_UNKNOWN_DEVICE_VENDOR)
1594091732651	Marionette	INFO	Stopped listening on port 50908
1594091737744	mozrunner::runner	INFO	Running command: "C:\\Program Files (x86)\\Mozilla Firefox\\firefox.exe" "-marionette" "-foreground" "-no-remote" "-profile" "C:\\Users\\admin\\AppData\\Local\\Temp\\rust_mozprofilelVcrHd"
JavaScript error: resource://gre/modules/XULStore.jsm, line 66: Error: Can't find profile directory.
1594091741838	Marionette	INFO	Listening on port 50960
1594091742058	Marionette	WARN	TLS certificate errors will be ignored for this session
JavaScript warning: https://mc.yandex.ru/metrika/watch.js, line 56: WebGL warning: <Create>: getContext: Disallowing antialiased backbuffers due to blacklisting. (FEATURE_FAILURE_UNKNOWN_DEVICE_VENDOR)
1594091749530	Marionette	INFO	Stopped listening on port 50960

###!!! [Child][MessageChannel] Error: (msgtype=0x5A000D,name=PHttpChannel::Msg_DeletingChannel) Channel closing: too late to send/recv, messages will be lost


###!!! [Child][MessageChannel] Error: (msgtype=0x5A000D,name=PHttpChannel::Msg_DeletingChannel) Channel closing: too late to send/recv, messages will be lost

1594225963429	mozrunner::runner	INFO	Running command: "C:\\Program Files (x86)\\Mozilla Firefox\\firefox.exe" "-marionette" "-foreground" "-no-remote" "-profile" "C:\\Users\\admin\\AppData\\Local\\Temp\\rust_mozprofileHTVTTY"
JavaScript error: resource://gre/modules/XULStore.jsm, line 66: Error: Can't find profile directory.
1594225969279	Marionette	INFO	Listening on port 58016
1594225969872	Marionette	WARN	TLS certificate errors will be ignored for this session
JavaScript warning: https://mc.yandex.ru/metrika/watch.js, line 56: WebGL warning: <Create>: getContext: Disallowing antialiased backbuffers due to blacklisting. (FEATURE_FAILURE_UNKNOWN_DEVICE_VENDOR)
1594225986157	Marionette	INFO	Stopped listening on port 58016
1594225990949	mozrunner::runner	INFO	Running command: "C:\\Program Files (x86)\\Mozilla Firefox\\firefox.exe" "-marionette" "-foreground" "-no-remote" "-profile" "C:\\Users\\admin\\AppData\\Local\\Temp\\rust_mozprofile3kRyl7"
JavaScript error: resource://gre/modules/XULStore.jsm, line 66: Error: Can't find profile directory.
1594225996210	Marionette	INFO	Listening on port 58071
1594225996391	Marionette	WARN	TLS certificate errors will be ignored for this session
JavaScript warning: https://mc.yandex.ru/metrika/watch.js, line 56: WebGL warning: <Create>: getContext: Disallowing antialiased backbuffers due to blacklisting. (FEATURE_FAILURE_UNKNOWN_DEVICE_VENDOR)
1594226012789	Marionette	INFO	Stopped listening on port 58071

###!!! [Child][RunMessage] Error: Channel closing: too late to send/recv, messages will be lost

1594226017449	mozrunner::runner	INFO	Running command: "C:\\Program Files (x86)\\Mozilla Firefox\\firefox.exe" "-marionette" "-foreground" "-no-remote" "-profile" "C:\\Users\\admin\\AppData\\Local\\Temp\\rust_mozprofileb8eDxL"
JavaScript error: resource://gre/modules/XULStore.jsm, line 66: Error: Can't find profile directory.
1594226022022	Marionette	INFO	Listening on port 58130
1594226022455	Marionette	WARN	TLS certificate errors will be ignored for this session
JavaScript warning: https://mc.yandex.ru/metrika/watch.js, line 56: WebGL warning: <Create>: getContext: Disallowing antialiased backbuffers due to blacklisting. (FEATURE_FAILURE_UNKNOWN_DEVICE_VENDOR)
1594226038682	Marionette	INFO	Stopped listening on port 58130

###!!! [Child][RunMessage] Error: Channel closing: too late to send/recv, messages will be lost

1594226043351	mozrunner::runner	INFO	Running command: "C:\\Program Files (x86)\\Mozilla Firefox\\firefox.exe" "-marionette" "-foreground" "-no-remote" "-profile" "C:\\Users\\admin\\AppData\\Local\\Temp\\rust_mozprofileyCuz1h"
JavaScript error: resource://gre/modules/XULStore.jsm, line 66: Error: Can't find profile directory.
1594226047754	Marionette	INFO	Listening on port 58186
1594226048243	Marionette	WARN	TLS certificate errors will be ignored for this session
JavaScript warning: https://mc.yandex.ru/metrika/watch.js, line 56: WebGL warning: <Create>: getContext: Disallowing antialiased backbuffers due to blacklisting. (FEATURE_FAILURE_UNKNOWN_DEVICE_VENDOR)
1594226055760	Marionette	INFO	Stopped listening on port 58186

###!!! [Child][MessageChannel] Error: (msgtype=0x5A000D,name=PHttpChannel::Msg_DeletingChannel) Channel closing: too late to send/recv, messages will be lost


###!!! [Child][MessageChannel] Error: (msgtype=0x5A000D,name=PHttpChannel::Msg_DeletingChannel) Channel closing: too late to send/recv, messages will be lost


###!!! [Child][MessageChannel] Error: (msgtype=0x5A000D,name=PHttpChannel::Msg_DeletingChannel) Channel closing: too late to send/recv, messages will be lost

1594226060468	mozrunner::runner	INFO	Running command: "C:\\Program Files (x86)\\Mozilla Firefox\\firefox.exe" "-marionette" "-foreground" "-no-remote" "-profile" "C:\\Users\\admin\\AppData\\Local\\Temp\\rust_mozprofileULPBZV"
JavaScript error: resource://gre/modules/XULStore.jsm, line 66: Error: Can't find profile directory.
1594226064840	Marionette	INFO	Listening on port 58243
1594226064900	Marionette	WARN	TLS certificate errors will be ignored for this session
JavaScript warning: https://mc.yandex.ru/metrika/watch.js, line 56: WebGL warning: <Create>: getContext: Disallowing antialiased backbuffers due to blacklisting. (FEATURE_FAILURE_UNKNOWN_DEVICE_VENDOR)
1594226072515	Marionette	INFO	Stopped listening on port 58243

###!!! [Child][RunMessage] Error: Channel closing: too late to send/recv, messages will be lost

1594226077293	mozrunner::runner	INFO	Running command: "C:\\Program Files (x86)\\Mozilla Firefox\\firefox.exe" "-marionette" "-foreground" "-no-remote" "-profile" "C:\\Users\\admin\\AppData\\Local\\Temp\\rust_mozprofilesn766c"
JavaScript error: resource://gre/modules/XULStore.jsm, line 66: Error: Can't find profile directory.
1594226081966	Marionette	INFO	Listening on port 58294
1594226082128	Marionette	WARN	TLS certificate errors will be ignored for this session
JavaScript warning: https://mc.yandex.ru/metrika/watch.js, line 56: WebGL warning: <Create>: getContext: Disallowing antialiased backbuffers due to blacklisting. (FEATURE_FAILURE_UNKNOWN_DEVICE_VENDOR)
1594226090224	Marionette	INFO	Stopped listening on port 58294
1594226095308	mozrunner::runner	INFO	Running command: "C:\\Program Files (x86)\\Mozilla Firefox\\firefox.exe" "-marionette" "-foreground" "-no-remote" "-profile" "C:\\Users\\admin\\AppData\\Local\\Temp\\rust_mozprofile9u43mc"
JavaScript error: resource://gre/modules/XULStore.jsm, line 66: Error: Can't find profile directory.
1594226100582	Marionette	INFO	Listening on port 58375
1594226100876	Marionette	WARN	TLS certificate errors will be ignored for this session
JavaScript warning: https://mc.yandex.ru/metrika/watch.js, line 56: WebGL warning: <Create>: getContext: Disallowing antialiased backbuffers due to blacklisting. (FEATURE_FAILURE_UNKNOWN_DEVICE_VENDOR)
1594226108663	Marionette	INFO	Stopped listening on port 58375

###!!! [Child][RunMessage] Error: Channel closing: too late to send/recv, messages will be lost


###!!! [Child][RunMessage] Error: Channel closing: too late to send/recv, messages will be lost


###!!! [Child][RunMessage] Error: Channel closing: too late to send/recv, messages will be lost

1594226146908	mozrunner::runner	INFO	Running command: "C:\\Program Files (x86)\\Mozilla Firefox\\firefox.exe" "-marionette" "-foreground" "-no-remote" "-profile" "C:\\Users\\admin\\AppData\\Local\\Temp\\rust_mozprofile3ptd4d"
JavaScript error: resource://gre/modules/XULStore.jsm, line 66: Error: Can't find profile directory.
1594226151741	Marionette	INFO	Listening on port 58480
1594226151908	Marionette	WARN	TLS certificate errors will be ignored for this session
JavaScript warning: https://mc.yandex.ru/metrika/watch.js, line 56: WebGL warning: <Create>: getContext: Disallowing antialiased backbuffers due to blacklisting. (FEATURE_FAILURE_UNKNOWN_DEVICE_VENDOR)
1594226168112	Marionette	INFO	Stopped listening on port 58480

###!!! [Child][MessageChannel] Error: (msgtype=0x5A000D,name=PHttpChannel::Msg_DeletingChannel) Channel closing: too late to send/recv, messages will be lost

1594226172656	mozrunner::runner	INFO	Running command: "C:\\Program Files (x86)\\Mozilla Firefox\\firefox.exe" "-marionette" "-foreground" "-no-remote" "-profile" "C:\\Users\\admin\\AppData\\Local\\Temp\\rust_mozprofilefZPRrq"
JavaScript error: resource://gre/modules/XULStore.jsm, line 66: Error: Can't find profile directory.
1594226177032	Marionette	INFO	Listening on port 58552
1594226177676	Marionette	WARN	TLS certificate errors will be ignored for this session
JavaScript warning: https://mc.yandex.ru/metrika/watch.js, line 56: WebGL warning: <Create>: getContext: Disallowing antialiased backbuffers due to blacklisting. (FEATURE_FAILURE_UNKNOWN_DEVICE_VENDOR)
1594226194186	Marionette	INFO	Stopped listening on port 58552
1594226198874	mozrunner::runner	INFO	Running command: "C:\\Program Files (x86)\\Mozilla Firefox\\firefox.exe" "-marionette" "-foreground" "-no-remote" "-profile" "C:\\Users\\admin\\AppData\\Local\\Temp\\rust_mozprofileZ1KXOC"
JavaScript error: resource://gre/modules/XULStore.jsm, line 66: Error: Can't find profile directory.
1594226203616	Marionette	INFO	Listening on port 58607
1594226203865	Marionette	WARN	TLS certificate errors will be ignored for this session
JavaScript warning: https://mc.yandex.ru/metrika/watch.js, line 56: WebGL warning: <Create>: getContext: Disallowing antialiased backbuffers due to blacklisting. (FEATURE_FAILURE_UNKNOWN_DEVICE_VENDOR)
1594226220320	Marionette	INFO	Stopped listening on port 58607
1594226225027	mozrunner::runner	INFO	Running command: "C:\\Program Files (x86)\\Mozilla Firefox\\firefox.exe" "-marionette" "-foreground" "-no-remote" "-profile" "C:\\Users\\admin\\AppData\\Local\\Temp\\rust_mozprofileloVlxK"
JavaScript error: resource://gre/modules/XULStore.jsm, line 66: Error: Can't find profile directory.
1594226229937	Marionette	INFO	Listening on port 58662
1594226230630	Marionette	WARN	TLS certificate errors will be ignored for this session
JavaScript warning: https://mc.yandex.ru/metrika/watch.js, line 56: WebGL warning: <Create>: getContext: Disallowing antialiased backbuffers due to blacklisting. (FEATURE_FAILURE_UNKNOWN_DEVICE_VENDOR)
1594226239510	Marionette	INFO	Stopped listening on port 58662
1594226244275	mozrunner::runner	INFO	Running command: "C:\\Program Files (x86)\\Mozilla Firefox\\firefox.exe" "-marionette" "-foreground" "-no-remote" "-profile" "C:\\Users\\admin\\AppData\\Local\\Temp\\rust_mozprofilesJQjrd"
JavaScript error: resource://gre/modules/XULStore.jsm, line 66: Error: Can't find profile directory.
1594226249055	Marionette	INFO	Listening on port 58715
1594226249232	Marionette	WARN	TLS certificate errors will be ignored for this session
JavaScript warning: https://mc.yandex.ru/metrika/watch.js, line 56: WebGL warning: <Create>: getContext: Disallowing antialiased backbuffers due to blacklisting. (FEATURE_FAILURE_UNKNOWN_DEVICE_VENDOR)
1594226256790	Marionette	INFO	Stopped listening on port 58715
1594226261636	mozrunner::runner	INFO	Running command: "C:\\Program Files (x86)\\Mozilla Firefox\\firefox.exe" "-marionette" "-foreground" "-no-remote" "-profile" "C:\\Users\\admin\\AppData\\Local\\Temp\\rust_mozprofileb675Xw"
JavaScript error: resource://gre/modules/XULStore.jsm, line 66: Error: Can't find profile directory.
1594226266383	Marionette	INFO	Listening on port 58769
1594226266610	Marionette	WARN	TLS certificate errors will be ignored for this session
JavaScript warning: https://mc.yandex.ru/metrika/watch.js, line 56: WebGL warning: <Create>: getContext: Disallowing antialiased backbuffers due to blacklisting. (FEATURE_FAILURE_UNKNOWN_DEVICE_VENDOR)
1594226276506	Marionette	INFO	Stopped listening on port 58769
1594226281729	mozrunner::runner	INFO	Running command: "C:\\Program Files (x86)\\Mozilla Firefox\\firefox.exe" "-marionette" "-foreground" "-no-remote" "-profile" "C:\\Users\\admin\\AppData\\Local\\Temp\\rust_mozprofileqgWgOd"
JavaScript error: resource://gre/modules/XULStore.jsm, line 66: Error: Can't find profile directory.
1594226286662	Marionette	INFO	Listening on port 58820
1594226287096	Marionette	WARN	TLS certificate errors will be ignored for this session
JavaScript warning: https://mc.yandex.ru/metrika/watch.js, line 56: WebGL warning: <Create>: getContext: Disallowing antialiased backbuffers due to blacklisting. (FEATURE_FAILURE_UNKNOWN_DEVICE_VENDOR)
1594226295185	Marionette	INFO	Stopped listening on port 58820
1594293711290	mozrunner::runner	INFO	Running command: "C:\\Program Files (x86)\\Mozilla Firefox\\firefox.exe" "-marionette" "-foreground" "-no-remote" "-profile" "C:\\Users\\admin\\AppData\\Local\\Temp\\rust_mozprofile2G3wxR"
JavaScript error: resource://gre/modules/XULStore.jsm, line 66: Error: Can't find profile directory.
1594293716101	Marionette	INFO	Listening on port 61648
1594293716177	Marionette	WARN	TLS certificate errors will be ignored for this session
JavaScript warning: https://mc.yandex.ru/metrika/watch.js, line 56: WebGL warning: <Create>: getContext: Disallowing antialiased backbuffers due to blacklisting. (FEATURE_FAILURE_UNKNOWN_DEVICE_VENDOR)
1594293732177	Marionette	INFO	Stopped listening on port 61648

###!!! [Child][RunMessage] Error: Channel closing: too late to send/recv, messages will be lost

1594293736539	mozrunner::runner	INFO	Running command: "C:\\Program Files (x86)\\Mozilla Firefox\\firefox.exe" "-marionette" "-foreground" "-no-remote" "-profile" "C:\\Users\\admin\\AppData\\Local\\Temp\\rust_mozprofilexVPn3Y"
JavaScript error: resource://gre/modules/XULStore.jsm, line 66: Error: Can't find profile directory.
1594293740172	Marionette	INFO	Listening on port 61703
1594293740285	Marionette	WARN	TLS certificate errors will be ignored for this session
JavaScript warning: https://mc.yandex.ru/metrika/watch.js, line 56: WebGL warning: <Create>: getContext: Disallowing antialiased backbuffers due to blacklisting. (FEATURE_FAILURE_UNKNOWN_DEVICE_VENDOR)
1594293756084	Marionette	INFO	Stopped listening on port 61703
1594293760511	mozrunner::runner	INFO	Running command: "C:\\Program Files (x86)\\Mozilla Firefox\\firefox.exe" "-marionette" "-foreground" "-no-remote" "-profile" "C:\\Users\\admin\\AppData\\Local\\Temp\\rust_mozprofileNOdRK0"
JavaScript error: resource://gre/modules/XULStore.jsm, line 66: Error: Can't find profile directory.
1594293764396	Marionette	INFO	Listening on port 61753
1594293764815	Marionette	WARN	TLS certificate errors will be ignored for this session
JavaScript warning: https://mc.yandex.ru/metrika/watch.js, line 56: WebGL warning: <Create>: getContext: Disallowing antialiased backbuffers due to blacklisting. (FEATURE_FAILURE_UNKNOWN_DEVICE_VENDOR)
1594293780361	Marionette	INFO	Stopped listening on port 61753
1594293784818	mozrunner::runner	INFO	Running command: "C:\\Program Files (x86)\\Mozilla Firefox\\firefox.exe" "-marionette" "-foreground" "-no-remote" "-profile" "C:\\Users\\admin\\AppData\\Local\\Temp\\rust_mozprofileErlg41"
JavaScript error: resource://gre/modules/XULStore.jsm, line 66: Error: Can't find profile directory.
1594293788613	Marionette	INFO	Listening on port 61811
1594293789106	Marionette	WARN	TLS certificate errors will be ignored for this session
JavaScript warning: https://mc.yandex.ru/metrika/watch.js, line 56: WebGL warning: <Create>: getContext: Disallowing antialiased backbuffers due to blacklisting. (FEATURE_FAILURE_UNKNOWN_DEVICE_VENDOR)
1594293796166	Marionette	INFO	Stopped listening on port 61811

###!!! [Child][MessageChannel] Error: (msgtype=0x5A000D,name=PHttpChannel::Msg_DeletingChannel) Channel closing: too late to send/recv, messages will be lost


###!!! [Child][MessageChannel] Error: (msgtype=0x5A000D,name=PHttpChannel::Msg_DeletingChannel) Channel closing: too late to send/recv, messages will be lost


###!!! [Child][MessageChannel] Error: (msgtype=0x5A000D,name=PHttpChannel::Msg_DeletingChannel) Channel closing: too late to send/recv, messages will be lost

1594293800670	mozrunner::runner	INFO	Running command: "C:\\Program Files (x86)\\Mozilla Firefox\\firefox.exe" "-marionette" "-foreground" "-no-remote" "-profile" "C:\\Users\\admin\\AppData\\Local\\Temp\\rust_mozprofile71k3da"
JavaScript error: resource://gre/modules/XULStore.jsm, line 66: Error: Can't find profile directory.
1594293804545	Marionette	INFO	Listening on port 61868
1594293804891	Marionette	WARN	TLS certificate errors will be ignored for this session
JavaScript warning: https://mc.yandex.ru/metrika/watch.js, line 56: WebGL warning: <Create>: getContext: Disallowing antialiased backbuffers due to blacklisting. (FEATURE_FAILURE_UNKNOWN_DEVICE_VENDOR)
1594293812017	Marionette	INFO	Stopped listening on port 61868

###!!! [Child][MessageChannel] Error: (msgtype=0x5A000D,name=PHttpChannel::Msg_DeletingChannel) Channel closing: too late to send/recv, messages will be lost


###!!! [Child][MessageChannel] Error: (msgtype=0x5A000D,name=PHttpChannel::Msg_DeletingChannel) Channel closing: too late to send/recv, messages will be lost


###!!! [Child][MessageChannel] Error: (msgtype=0x5A000D,name=PHttpChannel::Msg_DeletingChannel) Channel closing: too late to send/recv, messages will be lost

1594293816600	mozrunner::runner	INFO	Running command: "C:\\Program Files (x86)\\Mozilla Firefox\\firefox.exe" "-marionette" "-foreground" "-no-remote" "-profile" "C:\\Users\\admin\\AppData\\Local\\Temp\\rust_mozprofilezOUhqs"
JavaScript error: resource://gre/modules/XULStore.jsm, line 66: Error: Can't find profile directory.
1594293820898	Marionette	INFO	Listening on port 61962
1594293820985	Marionette	WARN	TLS certificate errors will be ignored for this session
JavaScript warning: https://mc.yandex.ru/metrika/watch.js, line 56: WebGL warning: <Create>: getContext: Disallowing antialiased backbuffers due to blacklisting. (FEATURE_FAILURE_UNKNOWN_DEVICE_VENDOR)
1594293828240	Marionette	INFO	Stopped listening on port 61962
1594293833444	mozrunner::runner	INFO	Running command: "C:\\Program Files (x86)\\Mozilla Firefox\\firefox.exe" "-marionette" "-foreground" "-no-remote" "-profile" "C:\\Users\\admin\\AppData\\Local\\Temp\\rust_mozprofileJMQKxQ"
JavaScript error: resource://gre/modules/XULStore.jsm, line 66: Error: Can't find profile directory.
1594293837591	Marionette	INFO	Listening on port 62021
1594293837738	Marionette	WARN	TLS certificate errors will be ignored for this session
JavaScript warning: https://mc.yandex.ru/metrika/watch.js, line 56: WebGL warning: <Create>: getContext: Disallowing antialiased backbuffers due to blacklisting. (FEATURE_FAILURE_UNKNOWN_DEVICE_VENDOR)
1594293844555	Marionette	INFO	Stopped listening on port 62021
1594380911717	mozrunner::runner	INFO	Running command: "C:\\Program Files (x86)\\Mozilla Firefox\\firefox.exe" "-marionette" "-foreground" "-no-remote" "-profile" "C:\\Users\\admin\\AppData\\Local\\Temp\\rust_mozprofileWdZtSJ"
JavaScript error: resource://gre/modules/XULStore.jsm, line 66: Error: Can't find profile directory.
1594380919436	Marionette	INFO	Listening on port 54463
1594380919519	Marionette	WARN	TLS certificate errors will be ignored for this session
JavaScript warning: https://mc.yandex.ru/metrika/watch.js, line 56: WebGL warning: <Create>: getContext: Disallowing antialiased backbuffers due to blacklisting. (FEATURE_FAILURE_UNKNOWN_DEVICE_VENDOR)
1594380935293	Marionette	INFO	Stopped listening on port 54463
1594380939904	mozrunner::runner	INFO	Running command: "C:\\Program Files (x86)\\Mozilla Firefox\\firefox.exe" "-marionette" "-foreground" "-no-remote" "-profile" "C:\\Users\\admin\\AppData\\Local\\Temp\\rust_mozprofilefR6T3Y"
JavaScript error: resource://gre/modules/XULStore.jsm, line 66: Error: Can't find profile directory.
1594380944183	Marionette	INFO	Listening on port 54566
1594380944241	Marionette	WARN	TLS certificate errors will be ignored for this session
JavaScript warning: https://mc.yandex.ru/metrika/watch.js, line 56: WebGL warning: <Create>: getContext: Disallowing antialiased backbuffers due to blacklisting. (FEATURE_FAILURE_UNKNOWN_DEVICE_VENDOR)
1594380960821	Marionette	INFO	Stopped listening on port 54566
1594380965420	mozrunner::runner	INFO	Running command: "C:\\Program Files (x86)\\Mozilla Firefox\\firefox.exe" "-marionette" "-foreground" "-no-remote" "-profile" "C:\\Users\\admin\\AppData\\Local\\Temp\\rust_mozprofileK7U6bx"
JavaScript error: resource://gre/modules/XULStore.jsm, line 66: Error: Can't find profile directory.
1594380970128	Marionette	INFO	Listening on port 54618
1594380970372	Marionette	WARN	TLS certificate errors will be ignored for this session
JavaScript warning: https://mc.yandex.ru/metrika/watch.js, line 56: WebGL warning: <Create>: getContext: Disallowing antialiased backbuffers due to blacklisting. (FEATURE_FAILURE_UNKNOWN_DEVICE_VENDOR)
1594380986341	Marionette	INFO	Stopped listening on port 54618
1594380990858	mozrunner::runner	INFO	Running command: "C:\\Program Files (x86)\\Mozilla Firefox\\firefox.exe" "-marionette" "-foreground" "-no-remote" "-profile" "C:\\Users\\admin\\AppData\\Local\\Temp\\rust_mozprofilesoZ5rv"
JavaScript error: resource://gre/modules/XULStore.jsm, line 66: Error: Can't find profile directory.
1594380995151	Marionette	INFO	Listening on port 54676
1594380995200	Marionette	WARN	TLS certificate errors will be ignored for this session
JavaScript warning: https://mc.yandex.ru/metrika/watch.js, line 56: WebGL warning: <Create>: getContext: Disallowing antialiased backbuffers due to blacklisting. (FEATURE_FAILURE_UNKNOWN_DEVICE_VENDOR)
1594381002731	Marionette	INFO	Stopped listening on port 54676

###!!! [Child][RunMessage] Error: Channel closing: too late to send/recv, messages will be lost

1594381007592	mozrunner::runner	INFO	Running command: "C:\\Program Files (x86)\\Mozilla Firefox\\firefox.exe" "-marionette" "-foreground" "-no-remote" "-profile" "C:\\Users\\admin\\AppData\\Local\\Temp\\rust_mozprofileYVZmiZ"
JavaScript error: resource://gre/modules/XULStore.jsm, line 66: Error: Can't find profile directory.
1594381012090	Marionette	INFO	Listening on port 54735
1594381012505	Marionette	WARN	TLS certificate errors will be ignored for this session
JavaScript warning: https://mc.yandex.ru/metrika/watch.js, line 56: WebGL warning: <Create>: getContext: Disallowing antialiased backbuffers due to blacklisting. (FEATURE_FAILURE_UNKNOWN_DEVICE_VENDOR)
1594381019619	Marionette	INFO	Stopped listening on port 54735

###!!! [Child][RunMessage] Error: Channel closing: too late to send/recv, messages will be lost


###!!! [Child][MessageChannel] Error: (msgtype=0x5A000D,name=PHttpChannel::Msg_DeletingChannel) Channel closing: too late to send/recv, messages will be lost


###!!! [Child][MessageChannel] Error: (msgtype=0x5A000D,name=PHttpChannel::Msg_DeletingChannel) Channel closing: too late to send/recv, messages will be lost


###!!! [Child][MessageChannel] Error: (msgtype=0x5A000D,name=PHttpChannel::Msg_DeletingChannel) Channel closing: too late to send/recv, messages will be lost

1594381024495	mozrunner::runner	INFO	Running command: "C:\\Program Files (x86)\\Mozilla Firefox\\firefox.exe" "-marionette" "-foreground" "-no-remote" "-profile" "C:\\Users\\admin\\AppData\\Local\\Temp\\rust_mozprofile17bqc1"
JavaScript error: resource://gre/modules/XULStore.jsm, line 66: Error: Can't find profile directory.
1594381028799	Marionette	INFO	Listening on port 54790
1594381028847	Marionette	WARN	TLS certificate errors will be ignored for this session
JavaScript warning: https://mc.yandex.ru/metrika/watch.js, line 56: WebGL warning: <Create>: getContext: Disallowing antialiased backbuffers due to blacklisting. (FEATURE_FAILURE_UNKNOWN_DEVICE_VENDOR)
1594381037308	Marionette	INFO	Stopped listening on port 54790

###!!! [Child][MessageChannel] Error: (msgtype=0x5A000D,name=PHttpChannel::Msg_DeletingChannel) Channel closing: too late to send/recv, messages will be lost

1594381042476	mozrunner::runner	INFO	Running command: "C:\\Program Files (x86)\\Mozilla Firefox\\firefox.exe" "-marionette" "-foreground" "-no-remote" "-profile" "C:\\Users\\admin\\AppData\\Local\\Temp\\rust_mozprofileFYD79z"
JavaScript error: resource://gre/modules/XULStore.jsm, line 66: Error: Can't find profile directory.
1594381047324	Marionette	INFO	Listening on port 54839
1594381047510	Marionette	WARN	TLS certificate errors will be ignored for this session
JavaScript warning: https://mc.yandex.ru/metrika/watch.js, line 56: WebGL warning: <Create>: getContext: Disallowing antialiased backbuffers due to blacklisting. (FEATURE_FAILURE_UNKNOWN_DEVICE_VENDOR)
1594381054631	Marionette	INFO	Stopped listening on port 54839

###!!! [Child][MessageChannel] Error: (msgtype=0x5A000D,name=PHttpChannel::Msg_DeletingChannel) Channel closing: too late to send/recv, messages will be lost


###!!! [Child][MessageChannel] Error: (msgtype=0x5A000D,name=PHttpChannel::Msg_DeletingChannel) Channel closing: too late to send/recv, messages will be lost

1594406643193	mozrunner::runner	INFO	Running command: "C:\\Program Files (x86)\\Mozilla Firefox\\firefox.exe" "-marionette" "-foreground" "-no-remote" "-profile" "C:\\Users\\admin\\AppData\\Local\\Temp\\rust_mozprofile6r1Ee0"
1594406702459	mozrunner::runner	INFO	Running command: "C:\\Program Files (x86)\\Mozilla Firefox\\firefox.exe" "-marionette" "-foreground" "-no-remote" "-profile" "C:\\Users\\admin\\AppData\\Local\\Temp\\rust_mozprofile06Dr8o"
JavaScript error: resource://gre/modules/XULStore.jsm, line 66: Error: Can't find profile directory.
1594406707797	Marionette	INFO	Listening on port 52778
1594406708083	Marionette	WARN	TLS certificate errors will be ignored for this session
JavaScript warning: https://mc.yandex.ru/metrika/watch.js, line 56: WebGL warning: <Create>: getContext: Disallowing antialiased backbuffers due to blacklisting. (FEATURE_FAILURE_UNKNOWN_DEVICE_VENDOR)
1594406724683	Marionette	INFO	Stopped listening on port 52778

###!!! [Child][RunMessage] Error: Channel closing: too late to send/recv, messages will be lost

1594406729420	mozrunner::runner	INFO	Running command: "C:\\Program Files (x86)\\Mozilla Firefox\\firefox.exe" "-marionette" "-foreground" "-no-remote" "-profile" "C:\\Users\\admin\\AppData\\Local\\Temp\\rust_mozprofile5bNR8K"
JavaScript error: resource://gre/modules/XULStore.jsm, line 66: Error: Can't find profile directory.
1594406734243	Marionette	INFO	Listening on port 52832
1594406734358	Marionette	WARN	TLS certificate errors will be ignored for this session
JavaScript warning: https://mc.yandex.ru/metrika/watch.js, line 56: WebGL warning: <Create>: getContext: Disallowing antialiased backbuffers due to blacklisting. (FEATURE_FAILURE_UNKNOWN_DEVICE_VENDOR)
1594406750894	Marionette	INFO	Stopped listening on port 52832
1594406757485	mozrunner::runner	INFO	Running command: "C:\\Program Files (x86)\\Mozilla Firefox\\firefox.exe" "-marionette" "-foreground" "-no-remote" "-profile" "C:\\Users\\admin\\AppData\\Local\\Temp\\rust_mozprofile9ClJjG"
JavaScript error: resource://gre/modules/XULStore.jsm, line 66: Error: Can't find profile directory.
1594406762200	Marionette	INFO	Listening on port 52885
1594406762375	Marionette	WARN	TLS certificate errors will be ignored for this session
JavaScript warning: https://mc.yandex.ru/metrika/watch.js, line 56: WebGL warning: <Create>: getContext: Disallowing antialiased backbuffers due to blacklisting. (FEATURE_FAILURE_UNKNOWN_DEVICE_VENDOR)
1594406779015	Marionette	INFO	Stopped listening on port 52885

###!!! [Child][MessageChannel] Error: (msgtype=0x6A0029,name=PNecko::Msg_RemoveRequestContext) Channel closing: too late to send/recv, messages will be lost

1594406788114	mozrunner::runner	INFO	Running command: "C:\\Program Files (x86)\\Mozilla Firefox\\firefox.exe" "-marionette" "-foreground" "-no-remote" "-profile" "C:\\Users\\admin\\AppData\\Local\\Temp\\rust_mozprofileaCq2KM"
JavaScript error: resource://gre/modules/XULStore.jsm, line 66: Error: Can't find profile directory.
1594406793267	Marionette	INFO	Listening on port 52937
1594406793490	Marionette	WARN	TLS certificate errors will be ignored for this session
JavaScript warning: https://mc.yandex.ru/metrika/watch.js, line 56: WebGL warning: <Create>: getContext: Disallowing antialiased backbuffers due to blacklisting. (FEATURE_FAILURE_UNKNOWN_DEVICE_VENDOR)
1594406800920	Marionette	INFO	Stopped listening on port 52937

###!!! [Child][RunMessage] Error: Channel closing: too late to send/recv, messages will be lost

1594406805827	mozrunner::runner	INFO	Running command: "C:\\Program Files (x86)\\Mozilla Firefox\\firefox.exe" "-marionette" "-foreground" "-no-remote" "-profile" "C:\\Users\\admin\\AppData\\Local\\Temp\\rust_mozprofilefkky3f"
JavaScript error: resource://gre/modules/XULStore.jsm, line 66: Error: Can't find profile directory.
1594406810359	Marionette	INFO	Listening on port 52991
1594406810692	Marionette	WARN	TLS certificate errors will be ignored for this session
JavaScript warning: https://mc.yandex.ru/metrika/watch.js, line 56: WebGL warning: <Create>: getContext: Disallowing antialiased backbuffers due to blacklisting. (FEATURE_FAILURE_UNKNOWN_DEVICE_VENDOR)
1594406818974	Marionette	INFO	Stopped listening on port 52991

###!!! [Child][RunMessage] Error: Channel closing: too late to send/recv, messages will be lost

1594406823904	mozrunner::runner	INFO	Running command: "C:\\Program Files (x86)\\Mozilla Firefox\\firefox.exe" "-marionette" "-foreground" "-no-remote" "-profile" "C:\\Users\\admin\\AppData\\Local\\Temp\\rust_mozprofilekmNNgp"
JavaScript error: resource://gre/modules/XULStore.jsm, line 66: Error: Can't find profile directory.
1594406829461	Marionette	INFO	Listening on port 53092
1594406829991	Marionette	WARN	TLS certificate errors will be ignored for this session
JavaScript warning: https://mc.yandex.ru/metrika/watch.js, line 56: WebGL warning: <Create>: getContext: Disallowing antialiased backbuffers due to blacklisting. (FEATURE_FAILURE_UNKNOWN_DEVICE_VENDOR)
1594406837382	Marionette	INFO	Stopped listening on port 53092
1594406842623	mozrunner::runner	INFO	Running command: "C:\\Program Files (x86)\\Mozilla Firefox\\firefox.exe" "-marionette" "-foreground" "-no-remote" "-profile" "C:\\Users\\admin\\AppData\\Local\\Temp\\rust_mozprofilebrmKxy"
JavaScript error: resource://gre/modules/XULStore.jsm, line 66: Error: Can't find profile directory.
1594406847221	Marionette	INFO	Listening on port 53143
1594406847548	Marionette	WARN	TLS certificate errors will be ignored for this session
JavaScript warning: https://mc.yandex.ru/metrika/watch.js, line 56: WebGL warning: <Create>: getContext: Disallowing antialiased backbuffers due to blacklisting. (FEATURE_FAILURE_UNKNOWN_DEVICE_VENDOR)
1594406855586	Marionette	INFO	Stopped listening on port 53143

###!!! [Child][RunMessage] Error: Channel closing: too late to send/recv, messages will be lost


###!!! [Child][RunMessage] Error: Channel closing: too late to send/recv, messages will be lost


###!!! [Child][RunMessage] Error: Channel closing: too late to send/recv, messages will be lost


###!!! [Child][RunMessage] Error: Channel closing: too late to send/recv, messages will be lost

1594406860188	mozrunner::runner	INFO	Running command: "C:\\Program Files (x86)\\Mozilla Firefox\\firefox.exe" "-marionette" "-foreground" "-no-remote" "-profile" "C:\\Users\\admin\\AppData\\Local\\Temp\\rust_mozprofile2fx34f"
JavaScript error: resource://gre/modules/XULStore.jsm, line 66: Error: Can't find profile directory.
1594406864932	Marionette	INFO	Listening on port 53198
1594406865142	Marionette	WARN	TLS certificate errors will be ignored for this session
JavaScript warning: https://mc.yandex.ru/metrika/watch.js, line 56: WebGL warning: <Create>: getContext: Disallowing antialiased backbuffers due to blacklisting. (FEATURE_FAILURE_UNKNOWN_DEVICE_VENDOR)
1594406881987	Marionette	INFO	Stopped listening on port 53198
1594406886649	mozrunner::runner	INFO	Running command: "C:\\Program Files (x86)\\Mozilla Firefox\\firefox.exe" "-marionette" "-foreground" "-no-remote" "-profile" "C:\\Users\\admin\\AppData\\Local\\Temp\\rust_mozprofilemgssvI"
JavaScript error: resource://gre/modules/XULStore.jsm, line 66: Error: Can't find profile directory.
1594406891593	Marionette	INFO	Listening on port 53301
1594406891772	Marionette	WARN	TLS certificate errors will be ignored for this session
JavaScript warning: https://mc.yandex.ru/metrika/watch.js, line 56: WebGL warning: <Create>: getContext: Disallowing antialiased backbuffers due to blacklisting. (FEATURE_FAILURE_UNKNOWN_DEVICE_VENDOR)
1594406908582	Marionette	INFO	Stopped listening on port 53301
1594409003339	mozrunner::runner	INFO	Running command: "C:\\Program Files (x86)\\Mozilla Firefox\\firefox.exe" "-marionette" "-foreground" "-no-remote" "-profile" "C:\\Users\\admin\\AppData\\Local\\Temp\\rust_mozprofile1nM4uF"
JavaScript error: resource://gre/modules/XULStore.jsm, line 66: Error: Can't find profile directory.
1594409008584	Marionette	INFO	Listening on port 56587
1594409008744	Marionette	WARN	TLS certificate errors will be ignored for this session
JavaScript warning: https://mc.yandex.ru/metrika/watch.js, line 56: WebGL warning: <Create>: getContext: Disallowing antialiased backbuffers due to blacklisting. (FEATURE_FAILURE_UNKNOWN_DEVICE_VENDOR)
1594409025354	Marionette	INFO	Stopped listening on port 56587

###!!! [Child][RunMessage] Error: Channel closing: too late to send/recv, messages will be lost

1594409030440	mozrunner::runner	INFO	Running command: "C:\\Program Files (x86)\\Mozilla Firefox\\firefox.exe" "-marionette" "-foreground" "-no-remote" "-profile" "C:\\Users\\admin\\AppData\\Local\\Temp\\rust_mozprofileBexyfn"
JavaScript error: resource://gre/modules/XULStore.jsm, line 66: Error: Can't find profile directory.
1594409035248	Marionette	INFO	Listening on port 56665
1594409035350	Marionette	WARN	TLS certificate errors will be ignored for this session
JavaScript warning: https://mc.yandex.ru/metrika/watch.js, line 56: WebGL warning: <Create>: getContext: Disallowing antialiased backbuffers due to blacklisting. (FEATURE_FAILURE_UNKNOWN_DEVICE_VENDOR)
1594409052086	Marionette	INFO	Stopped listening on port 56665
1594409057619	mozrunner::runner	INFO	Running command: "C:\\Program Files (x86)\\Mozilla Firefox\\firefox.exe" "-marionette" "-foreground" "-no-remote" "-profile" "C:\\Users\\admin\\AppData\\Local\\Temp\\rust_mozprofilebHvYQo"
JavaScript error: resource://gre/modules/XULStore.jsm, line 66: Error: Can't find profile directory.
1594409062428	Marionette	INFO	Listening on port 56747
1594409062679	Marionette	WARN	TLS certificate errors will be ignored for this session
JavaScript warning: https://mc.yandex.ru/metrika/watch.js, line 56: WebGL warning: <Create>: getContext: Disallowing antialiased backbuffers due to blacklisting. (FEATURE_FAILURE_UNKNOWN_DEVICE_VENDOR)
1594409078792	Marionette	INFO	Stopped listening on port 56747

###!!! [Child][RunMessage] Error: Channel closing: too late to send/recv, messages will be lost

1594409083955	mozrunner::runner	INFO	Running command: "C:\\Program Files (x86)\\Mozilla Firefox\\firefox.exe" "-marionette" "-foreground" "-no-remote" "-profile" "C:\\Users\\admin\\AppData\\Local\\Temp\\rust_mozprofilex9d0Jv"
JavaScript error: resource://gre/modules/XULStore.jsm, line 66: Error: Can't find profile directory.
1594409089425	Marionette	INFO	Listening on port 56802
1594409089469	Marionette	WARN	TLS certificate errors will be ignored for this session
JavaScript warning: https://mc.yandex.ru/metrika/watch.js, line 56: WebGL warning: <Create>: getContext: Disallowing antialiased backbuffers due to blacklisting. (FEATURE_FAILURE_UNKNOWN_DEVICE_VENDOR)
1594409097188	Marionette	INFO	Stopped listening on port 56802

###!!! [Child][MessageChannel] Error: (msgtype=0x5A000D,name=PHttpChannel::Msg_DeletingChannel) Channel closing: too late to send/recv, messages will be lost


###!!! [Child][MessageChannel] Error: (msgtype=0x5A000D,name=PHttpChannel::Msg_DeletingChannel) Channel closing: too late to send/recv, messages will be lost


###!!! [Child][MessageChannel] Error: (msgtype=0x5A000D,name=PHttpChannel::Msg_DeletingChannel) Channel closing: too late to send/recv, messages will be lost

1594409102258	mozrunner::runner	INFO	Running command: "C:\\Program Files (x86)\\Mozilla Firefox\\firefox.exe" "-marionette" "-foreground" "-no-remote" "-profile" "C:\\Users\\admin\\AppData\\Local\\Temp\\rust_mozprofilevP7cZk"
JavaScript error: resource://gre/modules/XULStore.jsm, line 66: Error: Can't find profile directory.
1594409107515	Marionette	INFO	Listening on port 56906
1594409107725	Marionette	WARN	TLS certificate errors will be ignored for this session
JavaScript warning: https://mc.yandex.ru/metrika/watch.js, line 56: WebGL warning: <Create>: getContext: Disallowing antialiased backbuffers due to blacklisting. (FEATURE_FAILURE_UNKNOWN_DEVICE_VENDOR)
1594409114965	Marionette	INFO	Stopped listening on port 56906
1594409119842	mozrunner::runner	INFO	Running command: "C:\\Program Files (x86)\\Mozilla Firefox\\firefox.exe" "-marionette" "-foreground" "-no-remote" "-profile" "C:\\Users\\admin\\AppData\\Local\\Temp\\rust_mozprofileidvNii"
JavaScript error: resource://gre/modules/XULStore.jsm, line 66: Error: Can't find profile directory.
1594409125504	Marionette	INFO	Listening on port 56962
1594409125880	Marionette	WARN	TLS certificate errors will be ignored for this session
JavaScript warning: https://mc.yandex.ru/metrika/watch.js, line 56: WebGL warning: <Create>: getContext: Disallowing antialiased backbuffers due to blacklisting. (FEATURE_FAILURE_UNKNOWN_DEVICE_VENDOR)
1594409133455	Marionette	INFO	Stopped listening on port 56962
1594409138497	mozrunner::runner	INFO	Running command: "C:\\Program Files (x86)\\Mozilla Firefox\\firefox.exe" "-marionette" "-foreground" "-no-remote" "-profile" "C:\\Users\\admin\\AppData\\Local\\Temp\\rust_mozprofile5IBxJr"
JavaScript error: resource://gre/modules/XULStore.jsm, line 66: Error: Can't find profile directory.
1594409143672	Marionette	INFO	Listening on port 57015
1594409143965	Marionette	WARN	TLS certificate errors will be ignored for this session
JavaScript warning: https://mc.yandex.ru/metrika/watch.js, line 56: WebGL warning: <Create>: getContext: Disallowing antialiased backbuffers due to blacklisting. (FEATURE_FAILURE_UNKNOWN_DEVICE_VENDOR)
1594409151466	Marionette	INFO	Stopped listening on port 57015
1594409156342	mozrunner::runner	INFO	Running command: "C:\\Program Files (x86)\\Mozilla Firefox\\firefox.exe" "-marionette" "-foreground" "-no-remote" "-profile" "C:\\Users\\admin\\AppData\\Local\\Temp\\rust_mozprofile7ApWNe"
JavaScript error: resource://gre/modules/XULStore.jsm, line 66: Error: Can't find profile directory.
1594409161375	Marionette	INFO	Listening on port 57069
1594409161970	Marionette	WARN	TLS certificate errors will be ignored for this session
JavaScript warning: https://mc.yandex.ru/metrika/watch.js, line 56: WebGL warning: <Create>: getContext: Disallowing antialiased backbuffers due to blacklisting. (FEATURE_FAILURE_UNKNOWN_DEVICE_VENDOR)
1594409178471	Marionette	INFO	Stopped listening on port 57069
1594409183076	mozrunner::runner	INFO	Running command: "C:\\Program Files (x86)\\Mozilla Firefox\\firefox.exe" "-marionette" "-foreground" "-no-remote" "-profile" "C:\\Users\\admin\\AppData\\Local\\Temp\\rust_mozprofilefa4BG3"
JavaScript error: resource://gre/modules/XULStore.jsm, line 66: Error: Can't find profile directory.
1594409188786	Marionette	INFO	Listening on port 57128
1594409189027	Marionette	WARN	TLS certificate errors will be ignored for this session
JavaScript warning: https://mc.yandex.ru/metrika/watch.js, line 56: WebGL warning: <Create>: getContext: Disallowing antialiased backbuffers due to blacklisting. (FEATURE_FAILURE_UNKNOWN_DEVICE_VENDOR)
1594409205199	Marionette	INFO	Stopped listening on port 57128
1594437894793	mozrunner::runner	INFO	Running command: "C:\\Program Files (x86)\\Mozilla Firefox\\firefox.exe" "-marionette" "-foreground" "-no-remote" "-profile" "C:\\Users\\admin\\AppData\\Local\\Temp\\rust_mozprofile9IeUJD"
JavaScript error: resource://gre/modules/XULStore.jsm, line 66: Error: Can't find profile directory.
1594437900219	Marionette	INFO	Listening on port 55329
1594437900408	Marionette	WARN	TLS certificate errors will be ignored for this session
JavaScript warning: https://mc.yandex.ru/metrika/watch.js, line 56: WebGL warning: <Create>: getContext: Disallowing antialiased backbuffers due to blacklisting. (FEATURE_FAILURE_UNKNOWN_DEVICE_VENDOR)
1594437916675	Marionette	INFO	Stopped listening on port 55329
1594437922592	mozrunner::runner	INFO	Running command: "C:\\Program Files (x86)\\Mozilla Firefox\\firefox.exe" "-marionette" "-foreground" "-no-remote" "-profile" "C:\\Users\\admin\\AppData\\Local\\Temp\\rust_mozprofileldroKS"
JavaScript error: resource://gre/modules/XULStore.jsm, line 66: Error: Can't find profile directory.
1594437927437	Marionette	INFO	Listening on port 55385
1594437927594	Marionette	WARN	TLS certificate errors will be ignored for this session
JavaScript warning: https://mc.yandex.ru/metrika/watch.js, line 56: WebGL warning: <Create>: getContext: Disallowing antialiased backbuffers due to blacklisting. (FEATURE_FAILURE_UNKNOWN_DEVICE_VENDOR)
1594437943652	Marionette	INFO	Stopped listening on port 55385

###!!! [Child][RunMessage] Error: Channel closing: too late to send/recv, messages will be lost

1594437948534	mozrunner::runner	INFO	Running command: "C:\\Program Files (x86)\\Mozilla Firefox\\firefox.exe" "-marionette" "-foreground" "-no-remote" "-profile" "C:\\Users\\admin\\AppData\\Local\\Temp\\rust_mozprofile0XNHo5"
JavaScript error: resource://gre/modules/XULStore.jsm, line 66: Error: Can't find profile directory.
1594437952845	Marionette	INFO	Listening on port 55470
1594437953025	Marionette	WARN	TLS certificate errors will be ignored for this session
JavaScript warning: https://mc.yandex.ru/metrika/watch.js, line 56: WebGL warning: <Create>: getContext: Disallowing antialiased backbuffers due to blacklisting. (FEATURE_FAILURE_UNKNOWN_DEVICE_VENDOR)
1594437969675	Marionette	INFO	Stopped listening on port 55470
1594437978158	mozrunner::runner	INFO	Running command: "C:\\Program Files (x86)\\Mozilla Firefox\\firefox.exe" "-marionette" "-foreground" "-no-remote" "-profile" "C:\\Users\\admin\\AppData\\Local\\Temp\\rust_mozprofileV52Brh"
JavaScript error: resource://gre/modules/XULStore.jsm, line 66: Error: Can't find profile directory.
1594437982654	Marionette	INFO	Listening on port 55538
1594437983105	Marionette	WARN	TLS certificate errors will be ignored for this session
JavaScript warning: https://mc.yandex.ru/metrika/watch.js, line 56: WebGL warning: <Create>: getContext: Disallowing antialiased backbuffers due to blacklisting. (FEATURE_FAILURE_UNKNOWN_DEVICE_VENDOR)
1594437990187	Marionette	INFO	Stopped listening on port 55538
1594437995061	mozrunner::runner	INFO	Running command: "C:\\Program Files (x86)\\Mozilla Firefox\\firefox.exe" "-marionette" "-foreground" "-no-remote" "-profile" "C:\\Users\\admin\\AppData\\Local\\Temp\\rust_mozprofileX424HJ"
JavaScript error: resource://gre/modules/XULStore.jsm, line 66: Error: Can't find profile directory.
1594437999568	Marionette	INFO	Listening on port 55596
1594438000049	Marionette	WARN	TLS certificate errors will be ignored for this session
JavaScript warning: https://mc.yandex.ru/metrika/watch.js, line 56: WebGL warning: <Create>: getContext: Disallowing antialiased backbuffers due to blacklisting. (FEATURE_FAILURE_UNKNOWN_DEVICE_VENDOR)
1594438007242	Marionette	INFO	Stopped listening on port 55596

###!!! [Child][MessageChannel] Error: (msgtype=0x5A000D,name=PHttpChannel::Msg_DeletingChannel) Channel closing: too late to send/recv, messages will be lost


###!!! [Child][MessageChannel] Error: (msgtype=0x5A000D,name=PHttpChannel::Msg_DeletingChannel) Channel closing: too late to send/recv, messages will be lost


###!!! [Child][MessageChannel] Error: (msgtype=0x5A000D,name=PHttpChannel::Msg_DeletingChannel) Channel closing: too late to send/recv, messages will be lost

1594438012654	mozrunner::runner	INFO	Running command: "C:\\Program Files (x86)\\Mozilla Firefox\\firefox.exe" "-marionette" "-foreground" "-no-remote" "-profile" "C:\\Users\\admin\\AppData\\Local\\Temp\\rust_mozprofile07z0iV"
JavaScript error: resource://gre/modules/XULStore.jsm, line 66: Error: Can't find profile directory.
1594438017301	Marionette	INFO	Listening on port 55651
1594438017633	Marionette	WARN	TLS certificate errors will be ignored for this session
JavaScript warning: https://mc.yandex.ru/metrika/watch.js, line 56: WebGL warning: <Create>: getContext: Disallowing antialiased backbuffers due to blacklisting. (FEATURE_FAILURE_UNKNOWN_DEVICE_VENDOR)
1594438025547	Marionette	INFO	Stopped listening on port 55651
1594438030562	mozrunner::runner	INFO	Running command: "C:\\Program Files (x86)\\Mozilla Firefox\\firefox.exe" "-marionette" "-foreground" "-no-remote" "-profile" "C:\\Users\\admin\\AppData\\Local\\Temp\\rust_mozprofilePX02tp"
JavaScript error: resource://gre/modules/XULStore.jsm, line 66: Error: Can't find profile directory.
1594438035090	Marionette	INFO	Listening on port 55702
1594438035516	Marionette	WARN	TLS certificate errors will be ignored for this session
JavaScript warning: https://mc.yandex.ru/metrika/watch.js, line 56: WebGL warning: <Create>: getContext: Disallowing antialiased backbuffers due to blacklisting. (FEATURE_FAILURE_UNKNOWN_DEVICE_VENDOR)
1594438043042	Marionette	INFO	Stopped listening on port 55702
1594438047915	mozrunner::runner	INFO	Running command: "C:\\Program Files (x86)\\Mozilla Firefox\\firefox.exe" "-marionette" "-foreground" "-no-remote" "-profile" "C:\\Users\\admin\\AppData\\Local\\Temp\\rust_mozprofileEzpGX0"
JavaScript error: resource://gre/modules/XULStore.jsm, line 66: Error: Can't find profile directory.
1594438052290	Marionette	INFO	Listening on port 55762
1594438052956	Marionette	WARN	TLS certificate errors will be ignored for this session
JavaScript warning: https://mc.yandex.ru/metrika/watch.js, line 56: WebGL warning: <Create>: getContext: Disallowing antialiased backbuffers due to blacklisting. (FEATURE_FAILURE_UNKNOWN_DEVICE_VENDOR)
1594438069143	Marionette	INFO	Stopped listening on port 55762

###!!! [Child][RunMessage] Error: Channel closing: too late to send/recv, messages will be lost

1594438074942	mozrunner::runner	INFO	Running command: "C:\\Program Files (x86)\\Mozilla Firefox\\firefox.exe" "-marionette" "-foreground" "-no-remote" "-profile" "C:\\Users\\admin\\AppData\\Local\\Temp\\rust_mozprofiledR6sg9"
JavaScript error: resource://gre/modules/XULStore.jsm, line 66: Error: Can't find profile directory.
1594438080680	Marionette	INFO	Listening on port 55821
1594438081167	Marionette	WARN	TLS certificate errors will be ignored for this session
JavaScript warning: https://mc.yandex.ru/metrika/watch.js, line 56: WebGL warning: <Create>: getContext: Disallowing antialiased backbuffers due to blacklisting. (FEATURE_FAILURE_UNKNOWN_DEVICE_VENDOR)
1594438097611	Marionette	INFO	Stopped listening on port 55821
